e:\c\qt\mediaplayer\mediaplayer\debug\mediaplayer.obj
e:\c\qt\mediaplayer\mediaplayer\debug\main.obj
e:\c\qt\mediaplayer\mediaplayer\debug\xvideothread.obj
e:\c\qt\mediaplayer\mediaplayer\debug\ffmpeg.obj
e:\c\qt\mediaplayer\mediaplayer\debug\videowidget.obj
e:\c\qt\mediaplayer\mediaplayer\debug\xaudioplay.obj
e:\c\qt\mediaplayer\mediaplayer\debug\xslider.obj
e:\c\qt\mediaplayer\mediaplayer\debug\vc141.pdb
e:\c\qt\mediaplayer\mediaplayer\debug\moc_mediaplayer.obj
e:\c\qt\mediaplayer\mediaplayer\debug\moc_xslider.obj
e:\c\qt\mediaplayer\mediaplayer\debug\qrc_mediaplayer.obj
e:\c\qt\mediaplayer\mediaplayer\debug\moc_videowidget.obj
e:\c\qt\mediaplayer\debug\mediaplayer.ilk
e:\c\qt\mediaplayer\debug\mediaplayer.exe
e:\c\qt\mediaplayer\debug\mediaplayer.pdb
e:\c\qt\mediaplayer\mediaplayer\debug\uic\ui_mediaplayer.h
e:\c\qt\mediaplayer\mediaplayer\debug\rcc\qrc_mediaplayer.cpp
e:\c\qt\mediaplayer\mediaplayer\debug\moc\moc_mediaplayer.cpp
e:\c\qt\mediaplayer\mediaplayer\debug\moc\moc_xslider.cpp
e:\c\qt\mediaplayer\mediaplayer\debug\moc\moc_videowidget.cpp
e:\c\qt\mediaplayer\mediaplayer\debug\mediaplayer.tlog\cl.11756.write.1.tlog
e:\c\qt\mediaplayer\mediaplayer\debug\mediaplayer.tlog\cl.command.1.tlog
e:\c\qt\mediaplayer\mediaplayer\debug\mediaplayer.tlog\cl.read.1.tlog
e:\c\qt\mediaplayer\mediaplayer\debug\mediaplayer.tlog\link.command.1.tlog
e:\c\qt\mediaplayer\mediaplayer\debug\mediaplayer.tlog\link.read.1.tlog
e:\c\qt\mediaplayer\mediaplayer\debug\mediaplayer.tlog\link.write.1.tlog
e:\c\qt\mediaplayer\mediaplayer\debug\mediaplayer.tlog\mediaplayer.write.1u.tlog
e:\c\qt\mediaplayer\mediaplayer\debug\mediaplayer.tlog\moc.read.1u.tlog
e:\c\qt\mediaplayer\mediaplayer\debug\mediaplayer.tlog\moc.write.1u.tlog
e:\c\qt\mediaplayer\mediaplayer\debug\mediaplayer.tlog\rcc.read.1u.tlog
e:\c\qt\mediaplayer\mediaplayer\debug\mediaplayer.tlog\rcc.write.1u.tlog
e:\c\qt\mediaplayer\mediaplayer\debug\mediaplayer.tlog\uic.read.1u.tlog
e:\c\qt\mediaplayer\mediaplayer\debug\mediaplayer.tlog\uic.write.1u.tlog
